<?xml version="1.0" encoding="utf-8"?><testsuites><testsuite name="pytest" errors="0" failures="0" skipped="0" tests="1" time="0.264" timestamp="2021-06-02T11:10:56.883988" hostname="docker-vm"><testcase classname="class-api.tests.unit_test.TestClass" name="test_get_class" time="0.022" /></testsuite></testsuites>