<?xml version="1.0" encoding="utf-8"?><testsuites><testsuite name="pytest" errors="0" failures="0" skipped="0" tests="1" time="0.267" timestamp="2021-06-02T15:10:26.693117" hostname="docker-vm"><testcase classname="class-api.tests.unit_test.TestClass" name="test_get_class" time="0.023" /></testsuite></testsuites>